.\Debug\Raven.bsc
.\Debug\Raven.ilk
.\Debug\Raven.pdb
C:\Users\Alec\Desktop\GameAISource\VS2010\Buckland_Chapter7 to 10_Raven\.\Debug\Raven.exe
C:\Users\Alec\Desktop\GameAISource\VS2010\Buckland_Chapter7 to 10_Raven\.\Debug\Raven.exe.intermediate.manifest
C:\USERS\ALEC\DESKTOP\GAMEAISOURCE\VS2010\BUCKLAND_CHAPTER7 TO 10_RAVEN\DEBUG\AGGRESSIVEDEFENSE_EVALUATOR.ASM
C:\USERS\ALEC\DESKTOP\GAMEAISOURCE\VS2010\BUCKLAND_CHAPTER7 TO 10_RAVEN\DEBUG\AGGRESSIVEDEFENSE_EVALUATOR.OBJ
C:\USERS\ALEC\DESKTOP\GAMEAISOURCE\VS2010\BUCKLAND_CHAPTER7 TO 10_RAVEN\DEBUG\AGGRESSIVEDEFENSE_EVALUATOR.SBR
C:\USERS\ALEC\DESKTOP\GAMEAISOURCE\VS2010\BUCKLAND_CHAPTER7 TO 10_RAVEN\DEBUG\ATTACKTARGETGOAL_EVALUATOR.ASM
C:\USERS\ALEC\DESKTOP\GAMEAISOURCE\VS2010\BUCKLAND_CHAPTER7 TO 10_RAVEN\DEBUG\ATTACKTARGETGOAL_EVALUATOR.OBJ
C:\USERS\ALEC\DESKTOP\GAMEAISOURCE\VS2010\BUCKLAND_CHAPTER7 TO 10_RAVEN\DEBUG\ATTACKTARGETGOAL_EVALUATOR.SBR
C:\USERS\ALEC\DESKTOP\GAMEAISOURCE\VS2010\BUCKLAND_CHAPTER7 TO 10_RAVEN\DEBUG\BASEGAMEENTITY.ASM
C:\USERS\ALEC\DESKTOP\GAMEAISOURCE\VS2010\BUCKLAND_CHAPTER7 TO 10_RAVEN\DEBUG\BASEGAMEENTITY.OBJ
C:\USERS\ALEC\DESKTOP\GAMEAISOURCE\VS2010\BUCKLAND_CHAPTER7 TO 10_RAVEN\DEBUG\BASEGAMEENTITY.SBR
C:\Users\Alec\Desktop\GameAISource\VS2010\Buckland_Chapter7 to 10_Raven\Debug\BscMake.command.1.tlog
C:\Users\Alec\Desktop\GameAISource\VS2010\Buckland_Chapter7 to 10_Raven\Debug\bscmake.read.1.tlog
C:\Users\Alec\Desktop\GameAISource\VS2010\Buckland_Chapter7 to 10_Raven\Debug\bscmake.write.1.tlog
C:\USERS\ALEC\DESKTOP\GAMEAISOURCE\VS2010\BUCKLAND_CHAPTER7 TO 10_RAVEN\DEBUG\CGDI.ASM
C:\USERS\ALEC\DESKTOP\GAMEAISOURCE\VS2010\BUCKLAND_CHAPTER7 TO 10_RAVEN\DEBUG\CGDI.OBJ
C:\USERS\ALEC\DESKTOP\GAMEAISOURCE\VS2010\BUCKLAND_CHAPTER7 TO 10_RAVEN\DEBUG\CGDI.SBR
C:\Users\Alec\Desktop\GameAISource\VS2010\Buckland_Chapter7 to 10_Raven\Debug\cl.command.1.tlog
C:\Users\Alec\Desktop\GameAISource\VS2010\Buckland_Chapter7 to 10_Raven\Debug\CL.read.1.tlog
C:\Users\Alec\Desktop\GameAISource\VS2010\Buckland_Chapter7 to 10_Raven\Debug\CL.write.1.tlog
C:\USERS\ALEC\DESKTOP\GAMEAISOURCE\VS2010\BUCKLAND_CHAPTER7 TO 10_RAVEN\DEBUG\CRUDETIMER.ASM
C:\USERS\ALEC\DESKTOP\GAMEAISOURCE\VS2010\BUCKLAND_CHAPTER7 TO 10_RAVEN\DEBUG\CRUDETIMER.OBJ
C:\USERS\ALEC\DESKTOP\GAMEAISOURCE\VS2010\BUCKLAND_CHAPTER7 TO 10_RAVEN\DEBUG\CRUDETIMER.SBR
C:\USERS\ALEC\DESKTOP\GAMEAISOURCE\VS2010\BUCKLAND_CHAPTER7 TO 10_RAVEN\DEBUG\DEBUGCONSOLE.ASM
C:\USERS\ALEC\DESKTOP\GAMEAISOURCE\VS2010\BUCKLAND_CHAPTER7 TO 10_RAVEN\DEBUG\DEBUGCONSOLE.OBJ
C:\USERS\ALEC\DESKTOP\GAMEAISOURCE\VS2010\BUCKLAND_CHAPTER7 TO 10_RAVEN\DEBUG\DEBUGCONSOLE.SBR
C:\USERS\ALEC\DESKTOP\GAMEAISOURCE\VS2010\BUCKLAND_CHAPTER7 TO 10_RAVEN\DEBUG\DEFENSE_EVALUATOR.ASM
C:\USERS\ALEC\DESKTOP\GAMEAISOURCE\VS2010\BUCKLAND_CHAPTER7 TO 10_RAVEN\DEBUG\DEFENSE_EVALUATOR.OBJ
C:\USERS\ALEC\DESKTOP\GAMEAISOURCE\VS2010\BUCKLAND_CHAPTER7 TO 10_RAVEN\DEBUG\DEFENSE_EVALUATOR.SBR
C:\USERS\ALEC\DESKTOP\GAMEAISOURCE\VS2010\BUCKLAND_CHAPTER7 TO 10_RAVEN\DEBUG\ENTITYMANAGER.ASM
C:\USERS\ALEC\DESKTOP\GAMEAISOURCE\VS2010\BUCKLAND_CHAPTER7 TO 10_RAVEN\DEBUG\ENTITYMANAGER.OBJ
C:\USERS\ALEC\DESKTOP\GAMEAISOURCE\VS2010\BUCKLAND_CHAPTER7 TO 10_RAVEN\DEBUG\ENTITYMANAGER.SBR
C:\USERS\ALEC\DESKTOP\GAMEAISOURCE\VS2010\BUCKLAND_CHAPTER7 TO 10_RAVEN\DEBUG\EXPLOREGOAL_EVALUATOR.ASM
C:\USERS\ALEC\DESKTOP\GAMEAISOURCE\VS2010\BUCKLAND_CHAPTER7 TO 10_RAVEN\DEBUG\EXPLOREGOAL_EVALUATOR.OBJ
C:\USERS\ALEC\DESKTOP\GAMEAISOURCE\VS2010\BUCKLAND_CHAPTER7 TO 10_RAVEN\DEBUG\EXPLOREGOAL_EVALUATOR.SBR
C:\USERS\ALEC\DESKTOP\GAMEAISOURCE\VS2010\BUCKLAND_CHAPTER7 TO 10_RAVEN\DEBUG\FRAMECOUNTER.ASM
C:\USERS\ALEC\DESKTOP\GAMEAISOURCE\VS2010\BUCKLAND_CHAPTER7 TO 10_RAVEN\DEBUG\FRAMECOUNTER.OBJ
C:\USERS\ALEC\DESKTOP\GAMEAISOURCE\VS2010\BUCKLAND_CHAPTER7 TO 10_RAVEN\DEBUG\FRAMECOUNTER.SBR
C:\USERS\ALEC\DESKTOP\GAMEAISOURCE\VS2010\BUCKLAND_CHAPTER7 TO 10_RAVEN\DEBUG\FUZZYMODULE.ASM
C:\USERS\ALEC\DESKTOP\GAMEAISOURCE\VS2010\BUCKLAND_CHAPTER7 TO 10_RAVEN\DEBUG\FUZZYMODULE.OBJ
C:\USERS\ALEC\DESKTOP\GAMEAISOURCE\VS2010\BUCKLAND_CHAPTER7 TO 10_RAVEN\DEBUG\FUZZYMODULE.SBR
C:\USERS\ALEC\DESKTOP\GAMEAISOURCE\VS2010\BUCKLAND_CHAPTER7 TO 10_RAVEN\DEBUG\FUZZYOPERATORS.ASM
C:\USERS\ALEC\DESKTOP\GAMEAISOURCE\VS2010\BUCKLAND_CHAPTER7 TO 10_RAVEN\DEBUG\FUZZYOPERATORS.OBJ
C:\USERS\ALEC\DESKTOP\GAMEAISOURCE\VS2010\BUCKLAND_CHAPTER7 TO 10_RAVEN\DEBUG\FUZZYOPERATORS.SBR
C:\USERS\ALEC\DESKTOP\GAMEAISOURCE\VS2010\BUCKLAND_CHAPTER7 TO 10_RAVEN\DEBUG\FUZZYSET_LEFTSHOULDER.ASM
C:\USERS\ALEC\DESKTOP\GAMEAISOURCE\VS2010\BUCKLAND_CHAPTER7 TO 10_RAVEN\DEBUG\FUZZYSET_LEFTSHOULDER.OBJ
C:\USERS\ALEC\DESKTOP\GAMEAISOURCE\VS2010\BUCKLAND_CHAPTER7 TO 10_RAVEN\DEBUG\FUZZYSET_LEFTSHOULDER.SBR
C:\USERS\ALEC\DESKTOP\GAMEAISOURCE\VS2010\BUCKLAND_CHAPTER7 TO 10_RAVEN\DEBUG\FUZZYSET_RIGHTSHOULDER.ASM
C:\USERS\ALEC\DESKTOP\GAMEAISOURCE\VS2010\BUCKLAND_CHAPTER7 TO 10_RAVEN\DEBUG\FUZZYSET_RIGHTSHOULDER.OBJ
C:\USERS\ALEC\DESKTOP\GAMEAISOURCE\VS2010\BUCKLAND_CHAPTER7 TO 10_RAVEN\DEBUG\FUZZYSET_RIGHTSHOULDER.SBR
C:\USERS\ALEC\DESKTOP\GAMEAISOURCE\VS2010\BUCKLAND_CHAPTER7 TO 10_RAVEN\DEBUG\FUZZYSET_SINGLETON.ASM
C:\USERS\ALEC\DESKTOP\GAMEAISOURCE\VS2010\BUCKLAND_CHAPTER7 TO 10_RAVEN\DEBUG\FUZZYSET_SINGLETON.OBJ
C:\USERS\ALEC\DESKTOP\GAMEAISOURCE\VS2010\BUCKLAND_CHAPTER7 TO 10_RAVEN\DEBUG\FUZZYSET_SINGLETON.SBR
C:\USERS\ALEC\DESKTOP\GAMEAISOURCE\VS2010\BUCKLAND_CHAPTER7 TO 10_RAVEN\DEBUG\FUZZYSET_TRIANGLE.ASM
C:\USERS\ALEC\DESKTOP\GAMEAISOURCE\VS2010\BUCKLAND_CHAPTER7 TO 10_RAVEN\DEBUG\FUZZYSET_TRIANGLE.OBJ
C:\USERS\ALEC\DESKTOP\GAMEAISOURCE\VS2010\BUCKLAND_CHAPTER7 TO 10_RAVEN\DEBUG\FUZZYSET_TRIANGLE.SBR
C:\USERS\ALEC\DESKTOP\GAMEAISOURCE\VS2010\BUCKLAND_CHAPTER7 TO 10_RAVEN\DEBUG\FUZZYVARIABLE.ASM
C:\USERS\ALEC\DESKTOP\GAMEAISOURCE\VS2010\BUCKLAND_CHAPTER7 TO 10_RAVEN\DEBUG\FUZZYVARIABLE.OBJ
C:\USERS\ALEC\DESKTOP\GAMEAISOURCE\VS2010\BUCKLAND_CHAPTER7 TO 10_RAVEN\DEBUG\FUZZYVARIABLE.SBR
C:\USERS\ALEC\DESKTOP\GAMEAISOURCE\VS2010\BUCKLAND_CHAPTER7 TO 10_RAVEN\DEBUG\GETHEALTHGOAL_EVALUATOR.ASM
C:\USERS\ALEC\DESKTOP\GAMEAISOURCE\VS2010\BUCKLAND_CHAPTER7 TO 10_RAVEN\DEBUG\GETHEALTHGOAL_EVALUATOR.OBJ
C:\USERS\ALEC\DESKTOP\GAMEAISOURCE\VS2010\BUCKLAND_CHAPTER7 TO 10_RAVEN\DEBUG\GETHEALTHGOAL_EVALUATOR.SBR
C:\USERS\ALEC\DESKTOP\GAMEAISOURCE\VS2010\BUCKLAND_CHAPTER7 TO 10_RAVEN\DEBUG\GETWEAPONGOAL_EVALUATOR.ASM
C:\USERS\ALEC\DESKTOP\GAMEAISOURCE\VS2010\BUCKLAND_CHAPTER7 TO 10_RAVEN\DEBUG\GETWEAPONGOAL_EVALUATOR.OBJ
C:\USERS\ALEC\DESKTOP\GAMEAISOURCE\VS2010\BUCKLAND_CHAPTER7 TO 10_RAVEN\DEBUG\GETWEAPONGOAL_EVALUATOR.SBR
C:\USERS\ALEC\DESKTOP\GAMEAISOURCE\VS2010\BUCKLAND_CHAPTER7 TO 10_RAVEN\DEBUG\GOAL_ADJUSTRANGE.ASM
C:\USERS\ALEC\DESKTOP\GAMEAISOURCE\VS2010\BUCKLAND_CHAPTER7 TO 10_RAVEN\DEBUG\GOAL_ADJUSTRANGE.OBJ
C:\USERS\ALEC\DESKTOP\GAMEAISOURCE\VS2010\BUCKLAND_CHAPTER7 TO 10_RAVEN\DEBUG\GOAL_ADJUSTRANGE.SBR
C:\USERS\ALEC\DESKTOP\GAMEAISOURCE\VS2010\BUCKLAND_CHAPTER7 TO 10_RAVEN\DEBUG\GOAL_ATTACKTARGET.ASM
C:\USERS\ALEC\DESKTOP\GAMEAISOURCE\VS2010\BUCKLAND_CHAPTER7 TO 10_RAVEN\DEBUG\GOAL_ATTACKTARGET.OBJ
C:\USERS\ALEC\DESKTOP\GAMEAISOURCE\VS2010\BUCKLAND_CHAPTER7 TO 10_RAVEN\DEBUG\GOAL_ATTACKTARGET.SBR
C:\USERS\ALEC\DESKTOP\GAMEAISOURCE\VS2010\BUCKLAND_CHAPTER7 TO 10_RAVEN\DEBUG\GOAL_DODGESIDETOSIDE.ASM
C:\USERS\ALEC\DESKTOP\GAMEAISOURCE\VS2010\BUCKLAND_CHAPTER7 TO 10_RAVEN\DEBUG\GOAL_DODGESIDETOSIDE.OBJ
C:\USERS\ALEC\DESKTOP\GAMEAISOURCE\VS2010\BUCKLAND_CHAPTER7 TO 10_RAVEN\DEBUG\GOAL_DODGESIDETOSIDE.SBR
C:\USERS\ALEC\DESKTOP\GAMEAISOURCE\VS2010\BUCKLAND_CHAPTER7 TO 10_RAVEN\DEBUG\GOAL_EXPLORE.ASM
C:\USERS\ALEC\DESKTOP\GAMEAISOURCE\VS2010\BUCKLAND_CHAPTER7 TO 10_RAVEN\DEBUG\GOAL_EXPLORE.OBJ
C:\USERS\ALEC\DESKTOP\GAMEAISOURCE\VS2010\BUCKLAND_CHAPTER7 TO 10_RAVEN\DEBUG\GOAL_EXPLORE.SBR
C:\USERS\ALEC\DESKTOP\GAMEAISOURCE\VS2010\BUCKLAND_CHAPTER7 TO 10_RAVEN\DEBUG\GOAL_FLEE.ASM
C:\USERS\ALEC\DESKTOP\GAMEAISOURCE\VS2010\BUCKLAND_CHAPTER7 TO 10_RAVEN\DEBUG\GOAL_FLEE.OBJ
C:\USERS\ALEC\DESKTOP\GAMEAISOURCE\VS2010\BUCKLAND_CHAPTER7 TO 10_RAVEN\DEBUG\GOAL_FLEE.SBR
C:\USERS\ALEC\DESKTOP\GAMEAISOURCE\VS2010\BUCKLAND_CHAPTER7 TO 10_RAVEN\DEBUG\GOAL_FLEEFROMENEMY.ASM
C:\USERS\ALEC\DESKTOP\GAMEAISOURCE\VS2010\BUCKLAND_CHAPTER7 TO 10_RAVEN\DEBUG\GOAL_FLEEFROMENEMY.OBJ
C:\USERS\ALEC\DESKTOP\GAMEAISOURCE\VS2010\BUCKLAND_CHAPTER7 TO 10_RAVEN\DEBUG\GOAL_FLEEFROMENEMY.SBR
C:\USERS\ALEC\DESKTOP\GAMEAISOURCE\VS2010\BUCKLAND_CHAPTER7 TO 10_RAVEN\DEBUG\GOAL_FOLLOWPATH.ASM
C:\USERS\ALEC\DESKTOP\GAMEAISOURCE\VS2010\BUCKLAND_CHAPTER7 TO 10_RAVEN\DEBUG\GOAL_FOLLOWPATH.OBJ
C:\USERS\ALEC\DESKTOP\GAMEAISOURCE\VS2010\BUCKLAND_CHAPTER7 TO 10_RAVEN\DEBUG\GOAL_FOLLOWPATH.SBR
C:\USERS\ALEC\DESKTOP\GAMEAISOURCE\VS2010\BUCKLAND_CHAPTER7 TO 10_RAVEN\DEBUG\GOAL_GETITEM.ASM
C:\USERS\ALEC\DESKTOP\GAMEAISOURCE\VS2010\BUCKLAND_CHAPTER7 TO 10_RAVEN\DEBUG\GOAL_GETITEM.OBJ
C:\USERS\ALEC\DESKTOP\GAMEAISOURCE\VS2010\BUCKLAND_CHAPTER7 TO 10_RAVEN\DEBUG\GOAL_GETITEM.SBR
C:\USERS\ALEC\DESKTOP\GAMEAISOURCE\VS2010\BUCKLAND_CHAPTER7 TO 10_RAVEN\DEBUG\GOAL_HUNTTARGET.ASM
C:\USERS\ALEC\DESKTOP\GAMEAISOURCE\VS2010\BUCKLAND_CHAPTER7 TO 10_RAVEN\DEBUG\GOAL_HUNTTARGET.OBJ
C:\USERS\ALEC\DESKTOP\GAMEAISOURCE\VS2010\BUCKLAND_CHAPTER7 TO 10_RAVEN\DEBUG\GOAL_HUNTTARGET.SBR
C:\USERS\ALEC\DESKTOP\GAMEAISOURCE\VS2010\BUCKLAND_CHAPTER7 TO 10_RAVEN\DEBUG\GOAL_MOVETOPOSITION.ASM
C:\USERS\ALEC\DESKTOP\GAMEAISOURCE\VS2010\BUCKLAND_CHAPTER7 TO 10_RAVEN\DEBUG\GOAL_MOVETOPOSITION.OBJ
C:\USERS\ALEC\DESKTOP\GAMEAISOURCE\VS2010\BUCKLAND_CHAPTER7 TO 10_RAVEN\DEBUG\GOAL_MOVETOPOSITION.SBR
C:\USERS\ALEC\DESKTOP\GAMEAISOURCE\VS2010\BUCKLAND_CHAPTER7 TO 10_RAVEN\DEBUG\GOAL_NEGOTIATEDOOR.ASM
C:\USERS\ALEC\DESKTOP\GAMEAISOURCE\VS2010\BUCKLAND_CHAPTER7 TO 10_RAVEN\DEBUG\GOAL_NEGOTIATEDOOR.OBJ
C:\USERS\ALEC\DESKTOP\GAMEAISOURCE\VS2010\BUCKLAND_CHAPTER7 TO 10_RAVEN\DEBUG\GOAL_NEGOTIATEDOOR.SBR
C:\USERS\ALEC\DESKTOP\GAMEAISOURCE\VS2010\BUCKLAND_CHAPTER7 TO 10_RAVEN\DEBUG\GOAL_SAYPHRASE.ASM
C:\USERS\ALEC\DESKTOP\GAMEAISOURCE\VS2010\BUCKLAND_CHAPTER7 TO 10_RAVEN\DEBUG\GOAL_SAYPHRASE.OBJ
C:\USERS\ALEC\DESKTOP\GAMEAISOURCE\VS2010\BUCKLAND_CHAPTER7 TO 10_RAVEN\DEBUG\GOAL_SAYPHRASE.SBR
C:\USERS\ALEC\DESKTOP\GAMEAISOURCE\VS2010\BUCKLAND_CHAPTER7 TO 10_RAVEN\DEBUG\GOAL_SEEKTOPOSITION.ASM
C:\USERS\ALEC\DESKTOP\GAMEAISOURCE\VS2010\BUCKLAND_CHAPTER7 TO 10_RAVEN\DEBUG\GOAL_SEEKTOPOSITION.OBJ
C:\USERS\ALEC\DESKTOP\GAMEAISOURCE\VS2010\BUCKLAND_CHAPTER7 TO 10_RAVEN\DEBUG\GOAL_SEEKTOPOSITION.SBR
C:\USERS\ALEC\DESKTOP\GAMEAISOURCE\VS2010\BUCKLAND_CHAPTER7 TO 10_RAVEN\DEBUG\GOAL_THINK.ASM
C:\USERS\ALEC\DESKTOP\GAMEAISOURCE\VS2010\BUCKLAND_CHAPTER7 TO 10_RAVEN\DEBUG\GOAL_THINK.OBJ
C:\USERS\ALEC\DESKTOP\GAMEAISOURCE\VS2010\BUCKLAND_CHAPTER7 TO 10_RAVEN\DEBUG\GOAL_THINK.SBR
C:\USERS\ALEC\DESKTOP\GAMEAISOURCE\VS2010\BUCKLAND_CHAPTER7 TO 10_RAVEN\DEBUG\GOAL_TRAVERSEEDGE.ASM
C:\USERS\ALEC\DESKTOP\GAMEAISOURCE\VS2010\BUCKLAND_CHAPTER7 TO 10_RAVEN\DEBUG\GOAL_TRAVERSEEDGE.OBJ
C:\USERS\ALEC\DESKTOP\GAMEAISOURCE\VS2010\BUCKLAND_CHAPTER7 TO 10_RAVEN\DEBUG\GOAL_TRAVERSEEDGE.SBR
C:\USERS\ALEC\DESKTOP\GAMEAISOURCE\VS2010\BUCKLAND_CHAPTER7 TO 10_RAVEN\DEBUG\GOAL_WANDER.ASM
C:\USERS\ALEC\DESKTOP\GAMEAISOURCE\VS2010\BUCKLAND_CHAPTER7 TO 10_RAVEN\DEBUG\GOAL_WANDER.OBJ
C:\USERS\ALEC\DESKTOP\GAMEAISOURCE\VS2010\BUCKLAND_CHAPTER7 TO 10_RAVEN\DEBUG\GOAL_WANDER.SBR
C:\USERS\ALEC\DESKTOP\GAMEAISOURCE\VS2010\BUCKLAND_CHAPTER7 TO 10_RAVEN\DEBUG\GRAVEMARKERS.ASM
C:\USERS\ALEC\DESKTOP\GAMEAISOURCE\VS2010\BUCKLAND_CHAPTER7 TO 10_RAVEN\DEBUG\GRAVEMARKERS.OBJ
C:\USERS\ALEC\DESKTOP\GAMEAISOURCE\VS2010\BUCKLAND_CHAPTER7 TO 10_RAVEN\DEBUG\GRAVEMARKERS.SBR
C:\Users\Alec\Desktop\GameAISource\VS2010\Buckland_Chapter7 to 10_Raven\Debug\link.command.1.tlog
C:\Users\Alec\Desktop\GameAISource\VS2010\Buckland_Chapter7 to 10_Raven\Debug\link.read.1.tlog
C:\Users\Alec\Desktop\GameAISource\VS2010\Buckland_Chapter7 to 10_Raven\Debug\link.write.1.tlog
C:\Users\Alec\Desktop\GameAISource\VS2010\Buckland_Chapter7 to 10_Raven\Debug\link-cvtres.read.1.tlog
C:\Users\Alec\Desktop\GameAISource\VS2010\Buckland_Chapter7 to 10_Raven\Debug\link-cvtres.write.1.tlog
C:\USERS\ALEC\DESKTOP\GAMEAISOURCE\VS2010\BUCKLAND_CHAPTER7 TO 10_RAVEN\DEBUG\MAIN.ASM
C:\USERS\ALEC\DESKTOP\GAMEAISOURCE\VS2010\BUCKLAND_CHAPTER7 TO 10_RAVEN\DEBUG\MAIN.OBJ
C:\USERS\ALEC\DESKTOP\GAMEAISOURCE\VS2010\BUCKLAND_CHAPTER7 TO 10_RAVEN\DEBUG\MAIN.SBR
C:\USERS\ALEC\DESKTOP\GAMEAISOURCE\VS2010\BUCKLAND_CHAPTER7 TO 10_RAVEN\DEBUG\MESSAGEDISPATCHER.ASM
C:\USERS\ALEC\DESKTOP\GAMEAISOURCE\VS2010\BUCKLAND_CHAPTER7 TO 10_RAVEN\DEBUG\MESSAGEDISPATCHER.OBJ
C:\USERS\ALEC\DESKTOP\GAMEAISOURCE\VS2010\BUCKLAND_CHAPTER7 TO 10_RAVEN\DEBUG\MESSAGEDISPATCHER.SBR
C:\Users\Alec\Desktop\GameAISource\VS2010\Buckland_Chapter7 to 10_Raven\Debug\mt.command.1.tlog
C:\Users\Alec\Desktop\GameAISource\VS2010\Buckland_Chapter7 to 10_Raven\Debug\mt.read.1.tlog
C:\Users\Alec\Desktop\GameAISource\VS2010\Buckland_Chapter7 to 10_Raven\Debug\mt.write.1.tlog
C:\USERS\ALEC\DESKTOP\GAMEAISOURCE\VS2010\BUCKLAND_CHAPTER7 TO 10_RAVEN\DEBUG\PRECISIONTIMER.ASM
C:\USERS\ALEC\DESKTOP\GAMEAISOURCE\VS2010\BUCKLAND_CHAPTER7 TO 10_RAVEN\DEBUG\PRECISIONTIMER.OBJ
C:\USERS\ALEC\DESKTOP\GAMEAISOURCE\VS2010\BUCKLAND_CHAPTER7 TO 10_RAVEN\DEBUG\PRECISIONTIMER.SBR
C:\USERS\ALEC\DESKTOP\GAMEAISOURCE\VS2010\BUCKLAND_CHAPTER7 TO 10_RAVEN\DEBUG\PROJECTILE_BOLT.ASM
C:\USERS\ALEC\DESKTOP\GAMEAISOURCE\VS2010\BUCKLAND_CHAPTER7 TO 10_RAVEN\DEBUG\PROJECTILE_BOLT.OBJ
C:\USERS\ALEC\DESKTOP\GAMEAISOURCE\VS2010\BUCKLAND_CHAPTER7 TO 10_RAVEN\DEBUG\PROJECTILE_BOLT.SBR
C:\USERS\ALEC\DESKTOP\GAMEAISOURCE\VS2010\BUCKLAND_CHAPTER7 TO 10_RAVEN\DEBUG\PROJECTILE_PELLET.ASM
C:\USERS\ALEC\DESKTOP\GAMEAISOURCE\VS2010\BUCKLAND_CHAPTER7 TO 10_RAVEN\DEBUG\PROJECTILE_PELLET.OBJ
C:\USERS\ALEC\DESKTOP\GAMEAISOURCE\VS2010\BUCKLAND_CHAPTER7 TO 10_RAVEN\DEBUG\PROJECTILE_PELLET.SBR
C:\USERS\ALEC\DESKTOP\GAMEAISOURCE\VS2010\BUCKLAND_CHAPTER7 TO 10_RAVEN\DEBUG\PROJECTILE_ROCKET.ASM
C:\USERS\ALEC\DESKTOP\GAMEAISOURCE\VS2010\BUCKLAND_CHAPTER7 TO 10_RAVEN\DEBUG\PROJECTILE_ROCKET.OBJ
C:\USERS\ALEC\DESKTOP\GAMEAISOURCE\VS2010\BUCKLAND_CHAPTER7 TO 10_RAVEN\DEBUG\PROJECTILE_ROCKET.SBR
C:\USERS\ALEC\DESKTOP\GAMEAISOURCE\VS2010\BUCKLAND_CHAPTER7 TO 10_RAVEN\DEBUG\PROJECTILE_SLUG.ASM
C:\USERS\ALEC\DESKTOP\GAMEAISOURCE\VS2010\BUCKLAND_CHAPTER7 TO 10_RAVEN\DEBUG\PROJECTILE_SLUG.OBJ
C:\USERS\ALEC\DESKTOP\GAMEAISOURCE\VS2010\BUCKLAND_CHAPTER7 TO 10_RAVEN\DEBUG\PROJECTILE_SLUG.SBR
C:\USERS\ALEC\DESKTOP\GAMEAISOURCE\VS2010\BUCKLAND_CHAPTER7 TO 10_RAVEN\DEBUG\RAVEN.BSC
C:\USERS\ALEC\DESKTOP\GAMEAISOURCE\VS2010\BUCKLAND_CHAPTER7 TO 10_RAVEN\DEBUG\RAVEN.EXE
C:\USERS\ALEC\DESKTOP\GAMEAISOURCE\VS2010\BUCKLAND_CHAPTER7 TO 10_RAVEN\DEBUG\RAVEN.EXE.EMBED.MANIFEST
C:\USERS\ALEC\DESKTOP\GAMEAISOURCE\VS2010\BUCKLAND_CHAPTER7 TO 10_RAVEN\DEBUG\RAVEN.EXE.EMBED.MANIFEST.RES
C:\USERS\ALEC\DESKTOP\GAMEAISOURCE\VS2010\BUCKLAND_CHAPTER7 TO 10_RAVEN\DEBUG\RAVEN.EXE.INTERMEDIATE.MANIFEST
C:\USERS\ALEC\DESKTOP\GAMEAISOURCE\VS2010\BUCKLAND_CHAPTER7 TO 10_RAVEN\DEBUG\RAVEN.ILK
C:\USERS\ALEC\DESKTOP\GAMEAISOURCE\VS2010\BUCKLAND_CHAPTER7 TO 10_RAVEN\DEBUG\RAVEN.PDB
C:\USERS\ALEC\DESKTOP\GAMEAISOURCE\VS2010\BUCKLAND_CHAPTER7 TO 10_RAVEN\DEBUG\RAVEN_BOT.ASM
C:\USERS\ALEC\DESKTOP\GAMEAISOURCE\VS2010\BUCKLAND_CHAPTER7 TO 10_RAVEN\DEBUG\RAVEN_BOT.OBJ
C:\USERS\ALEC\DESKTOP\GAMEAISOURCE\VS2010\BUCKLAND_CHAPTER7 TO 10_RAVEN\DEBUG\RAVEN_BOT.SBR
C:\USERS\ALEC\DESKTOP\GAMEAISOURCE\VS2010\BUCKLAND_CHAPTER7 TO 10_RAVEN\DEBUG\RAVEN_DOOR.ASM
C:\USERS\ALEC\DESKTOP\GAMEAISOURCE\VS2010\BUCKLAND_CHAPTER7 TO 10_RAVEN\DEBUG\RAVEN_DOOR.OBJ
C:\USERS\ALEC\DESKTOP\GAMEAISOURCE\VS2010\BUCKLAND_CHAPTER7 TO 10_RAVEN\DEBUG\RAVEN_DOOR.SBR
C:\USERS\ALEC\DESKTOP\GAMEAISOURCE\VS2010\BUCKLAND_CHAPTER7 TO 10_RAVEN\DEBUG\RAVEN_FEATURE.ASM
C:\USERS\ALEC\DESKTOP\GAMEAISOURCE\VS2010\BUCKLAND_CHAPTER7 TO 10_RAVEN\DEBUG\RAVEN_FEATURE.OBJ
C:\USERS\ALEC\DESKTOP\GAMEAISOURCE\VS2010\BUCKLAND_CHAPTER7 TO 10_RAVEN\DEBUG\RAVEN_FEATURE.SBR
C:\USERS\ALEC\DESKTOP\GAMEAISOURCE\VS2010\BUCKLAND_CHAPTER7 TO 10_RAVEN\DEBUG\RAVEN_GAME.ASM
C:\USERS\ALEC\DESKTOP\GAMEAISOURCE\VS2010\BUCKLAND_CHAPTER7 TO 10_RAVEN\DEBUG\RAVEN_GAME.OBJ
C:\USERS\ALEC\DESKTOP\GAMEAISOURCE\VS2010\BUCKLAND_CHAPTER7 TO 10_RAVEN\DEBUG\RAVEN_GAME.SBR
C:\USERS\ALEC\DESKTOP\GAMEAISOURCE\VS2010\BUCKLAND_CHAPTER7 TO 10_RAVEN\DEBUG\RAVEN_GOAL_TYPES.ASM
C:\USERS\ALEC\DESKTOP\GAMEAISOURCE\VS2010\BUCKLAND_CHAPTER7 TO 10_RAVEN\DEBUG\RAVEN_GOAL_TYPES.OBJ
C:\USERS\ALEC\DESKTOP\GAMEAISOURCE\VS2010\BUCKLAND_CHAPTER7 TO 10_RAVEN\DEBUG\RAVEN_GOAL_TYPES.SBR
C:\Users\Alec\Desktop\GameAISource\VS2010\Buckland_Chapter7 to 10_Raven\Debug\Raven_manifest.rc
C:\USERS\ALEC\DESKTOP\GAMEAISOURCE\VS2010\BUCKLAND_CHAPTER7 TO 10_RAVEN\DEBUG\RAVEN_MAP.ASM
C:\USERS\ALEC\DESKTOP\GAMEAISOURCE\VS2010\BUCKLAND_CHAPTER7 TO 10_RAVEN\DEBUG\RAVEN_MAP.OBJ
C:\USERS\ALEC\DESKTOP\GAMEAISOURCE\VS2010\BUCKLAND_CHAPTER7 TO 10_RAVEN\DEBUG\RAVEN_MAP.SBR
C:\USERS\ALEC\DESKTOP\GAMEAISOURCE\VS2010\BUCKLAND_CHAPTER7 TO 10_RAVEN\DEBUG\RAVEN_PATHPLANNER.ASM
C:\USERS\ALEC\DESKTOP\GAMEAISOURCE\VS2010\BUCKLAND_CHAPTER7 TO 10_RAVEN\DEBUG\RAVEN_PATHPLANNER.OBJ
C:\USERS\ALEC\DESKTOP\GAMEAISOURCE\VS2010\BUCKLAND_CHAPTER7 TO 10_RAVEN\DEBUG\RAVEN_PATHPLANNER.SBR
C:\USERS\ALEC\DESKTOP\GAMEAISOURCE\VS2010\BUCKLAND_CHAPTER7 TO 10_RAVEN\DEBUG\RAVEN_PROJECTILE.ASM
C:\USERS\ALEC\DESKTOP\GAMEAISOURCE\VS2010\BUCKLAND_CHAPTER7 TO 10_RAVEN\DEBUG\RAVEN_PROJECTILE.OBJ
C:\USERS\ALEC\DESKTOP\GAMEAISOURCE\VS2010\BUCKLAND_CHAPTER7 TO 10_RAVEN\DEBUG\RAVEN_PROJECTILE.SBR
C:\USERS\ALEC\DESKTOP\GAMEAISOURCE\VS2010\BUCKLAND_CHAPTER7 TO 10_RAVEN\DEBUG\RAVEN_SCRIPTOR.ASM
C:\USERS\ALEC\DESKTOP\GAMEAISOURCE\VS2010\BUCKLAND_CHAPTER7 TO 10_RAVEN\DEBUG\RAVEN_SCRIPTOR.OBJ
C:\USERS\ALEC\DESKTOP\GAMEAISOURCE\VS2010\BUCKLAND_CHAPTER7 TO 10_RAVEN\DEBUG\RAVEN_SCRIPTOR.SBR
C:\USERS\ALEC\DESKTOP\GAMEAISOURCE\VS2010\BUCKLAND_CHAPTER7 TO 10_RAVEN\DEBUG\RAVEN_SENSORYMEMORY.ASM
C:\USERS\ALEC\DESKTOP\GAMEAISOURCE\VS2010\BUCKLAND_CHAPTER7 TO 10_RAVEN\DEBUG\RAVEN_SENSORYMEMORY.OBJ
C:\USERS\ALEC\DESKTOP\GAMEAISOURCE\VS2010\BUCKLAND_CHAPTER7 TO 10_RAVEN\DEBUG\RAVEN_SENSORYMEMORY.SBR
C:\USERS\ALEC\DESKTOP\GAMEAISOURCE\VS2010\BUCKLAND_CHAPTER7 TO 10_RAVEN\DEBUG\RAVEN_STEERINGBEHAVIORS.ASM
C:\USERS\ALEC\DESKTOP\GAMEAISOURCE\VS2010\BUCKLAND_CHAPTER7 TO 10_RAVEN\DEBUG\RAVEN_STEERINGBEHAVIORS.OBJ
C:\USERS\ALEC\DESKTOP\GAMEAISOURCE\VS2010\BUCKLAND_CHAPTER7 TO 10_RAVEN\DEBUG\RAVEN_STEERINGBEHAVIORS.SBR
C:\USERS\ALEC\DESKTOP\GAMEAISOURCE\VS2010\BUCKLAND_CHAPTER7 TO 10_RAVEN\DEBUG\RAVEN_TARGETINGSYSTEM.ASM
C:\USERS\ALEC\DESKTOP\GAMEAISOURCE\VS2010\BUCKLAND_CHAPTER7 TO 10_RAVEN\DEBUG\RAVEN_TARGETINGSYSTEM.OBJ
C:\USERS\ALEC\DESKTOP\GAMEAISOURCE\VS2010\BUCKLAND_CHAPTER7 TO 10_RAVEN\DEBUG\RAVEN_TARGETINGSYSTEM.SBR
C:\USERS\ALEC\DESKTOP\GAMEAISOURCE\VS2010\BUCKLAND_CHAPTER7 TO 10_RAVEN\DEBUG\RAVEN_TARGETINGSYSTEM_ANGER.ASM
C:\USERS\ALEC\DESKTOP\GAMEAISOURCE\VS2010\BUCKLAND_CHAPTER7 TO 10_RAVEN\DEBUG\RAVEN_TARGETINGSYSTEM_ANGER.OBJ
C:\USERS\ALEC\DESKTOP\GAMEAISOURCE\VS2010\BUCKLAND_CHAPTER7 TO 10_RAVEN\DEBUG\RAVEN_TARGETINGSYSTEM_ANGER.SBR
C:\USERS\ALEC\DESKTOP\GAMEAISOURCE\VS2010\BUCKLAND_CHAPTER7 TO 10_RAVEN\DEBUG\RAVEN_TARGETINGSYSTEM_BOTRANGE.ASM
C:\USERS\ALEC\DESKTOP\GAMEAISOURCE\VS2010\BUCKLAND_CHAPTER7 TO 10_RAVEN\DEBUG\RAVEN_TARGETINGSYSTEM_BOTRANGE.OBJ
C:\USERS\ALEC\DESKTOP\GAMEAISOURCE\VS2010\BUCKLAND_CHAPTER7 TO 10_RAVEN\DEBUG\RAVEN_TARGETINGSYSTEM_BOTRANGE.SBR
C:\USERS\ALEC\DESKTOP\GAMEAISOURCE\VS2010\BUCKLAND_CHAPTER7 TO 10_RAVEN\DEBUG\RAVEN_TARGETINGSYSTEM_DEVIATION.ASM
C:\USERS\ALEC\DESKTOP\GAMEAISOURCE\VS2010\BUCKLAND_CHAPTER7 TO 10_RAVEN\DEBUG\RAVEN_TARGETINGSYSTEM_DEVIATION.OBJ
C:\USERS\ALEC\DESKTOP\GAMEAISOURCE\VS2010\BUCKLAND_CHAPTER7 TO 10_RAVEN\DEBUG\RAVEN_TARGETINGSYSTEM_DEVIATION.SBR
C:\USERS\ALEC\DESKTOP\GAMEAISOURCE\VS2010\BUCKLAND_CHAPTER7 TO 10_RAVEN\DEBUG\RAVEN_TARGETINGSYSTEM_ENEMYRANGE.ASM
C:\USERS\ALEC\DESKTOP\GAMEAISOURCE\VS2010\BUCKLAND_CHAPTER7 TO 10_RAVEN\DEBUG\RAVEN_TARGETINGSYSTEM_ENEMYRANGE.OBJ
C:\USERS\ALEC\DESKTOP\GAMEAISOURCE\VS2010\BUCKLAND_CHAPTER7 TO 10_RAVEN\DEBUG\RAVEN_TARGETINGSYSTEM_ENEMYRANGE.SBR
C:\USERS\ALEC\DESKTOP\GAMEAISOURCE\VS2010\BUCKLAND_CHAPTER7 TO 10_RAVEN\DEBUG\RAVEN_TARGETINGSYSTEM_FACING.ASM
C:\USERS\ALEC\DESKTOP\GAMEAISOURCE\VS2010\BUCKLAND_CHAPTER7 TO 10_RAVEN\DEBUG\RAVEN_TARGETINGSYSTEM_FACING.OBJ
C:\USERS\ALEC\DESKTOP\GAMEAISOURCE\VS2010\BUCKLAND_CHAPTER7 TO 10_RAVEN\DEBUG\RAVEN_TARGETINGSYSTEM_FACING.SBR
C:\USERS\ALEC\DESKTOP\GAMEAISOURCE\VS2010\BUCKLAND_CHAPTER7 TO 10_RAVEN\DEBUG\RAVEN_TARGETINGSYSTEM_MOSTKILLED.ASM
C:\USERS\ALEC\DESKTOP\GAMEAISOURCE\VS2010\BUCKLAND_CHAPTER7 TO 10_RAVEN\DEBUG\RAVEN_TARGETINGSYSTEM_MOSTKILLED.OBJ
C:\USERS\ALEC\DESKTOP\GAMEAISOURCE\VS2010\BUCKLAND_CHAPTER7 TO 10_RAVEN\DEBUG\RAVEN_TARGETINGSYSTEM_MOSTKILLED.SBR
C:\USERS\ALEC\DESKTOP\GAMEAISOURCE\VS2010\BUCKLAND_CHAPTER7 TO 10_RAVEN\DEBUG\RAVEN_TARGETINGSYSTEM_NEMESIS.ASM
C:\USERS\ALEC\DESKTOP\GAMEAISOURCE\VS2010\BUCKLAND_CHAPTER7 TO 10_RAVEN\DEBUG\RAVEN_TARGETINGSYSTEM_NEMESIS.OBJ
C:\USERS\ALEC\DESKTOP\GAMEAISOURCE\VS2010\BUCKLAND_CHAPTER7 TO 10_RAVEN\DEBUG\RAVEN_TARGETINGSYSTEM_NEMESIS.SBR
C:\USERS\ALEC\DESKTOP\GAMEAISOURCE\VS2010\BUCKLAND_CHAPTER7 TO 10_RAVEN\DEBUG\RAVEN_TARGETINGSYSTEM_VISIBILITY.ASM
C:\USERS\ALEC\DESKTOP\GAMEAISOURCE\VS2010\BUCKLAND_CHAPTER7 TO 10_RAVEN\DEBUG\RAVEN_TARGETINGSYSTEM_VISIBILITY.OBJ
C:\USERS\ALEC\DESKTOP\GAMEAISOURCE\VS2010\BUCKLAND_CHAPTER7 TO 10_RAVEN\DEBUG\RAVEN_TARGETINGSYSTEM_VISIBILITY.SBR
C:\USERS\ALEC\DESKTOP\GAMEAISOURCE\VS2010\BUCKLAND_CHAPTER7 TO 10_RAVEN\DEBUG\RAVEN_USEROPTIONS.ASM
C:\USERS\ALEC\DESKTOP\GAMEAISOURCE\VS2010\BUCKLAND_CHAPTER7 TO 10_RAVEN\DEBUG\RAVEN_USEROPTIONS.OBJ
C:\USERS\ALEC\DESKTOP\GAMEAISOURCE\VS2010\BUCKLAND_CHAPTER7 TO 10_RAVEN\DEBUG\RAVEN_USEROPTIONS.SBR
C:\USERS\ALEC\DESKTOP\GAMEAISOURCE\VS2010\BUCKLAND_CHAPTER7 TO 10_RAVEN\DEBUG\RAVEN_WEAPON.ASM
C:\USERS\ALEC\DESKTOP\GAMEAISOURCE\VS2010\BUCKLAND_CHAPTER7 TO 10_RAVEN\DEBUG\RAVEN_WEAPON.OBJ
C:\USERS\ALEC\DESKTOP\GAMEAISOURCE\VS2010\BUCKLAND_CHAPTER7 TO 10_RAVEN\DEBUG\RAVEN_WEAPON.SBR
C:\USERS\ALEC\DESKTOP\GAMEAISOURCE\VS2010\BUCKLAND_CHAPTER7 TO 10_RAVEN\DEBUG\RAVEN_WEAPONSYSTEM.ASM
C:\USERS\ALEC\DESKTOP\GAMEAISOURCE\VS2010\BUCKLAND_CHAPTER7 TO 10_RAVEN\DEBUG\RAVEN_WEAPONSYSTEM.OBJ
C:\USERS\ALEC\DESKTOP\GAMEAISOURCE\VS2010\BUCKLAND_CHAPTER7 TO 10_RAVEN\DEBUG\RAVEN_WEAPONSYSTEM.SBR
C:\Users\Alec\Desktop\GameAISource\VS2010\Buckland_Chapter7 to 10_Raven\Debug\rc.command.1.tlog
C:\Users\Alec\Desktop\GameAISource\VS2010\Buckland_Chapter7 to 10_Raven\Debug\rc.read.1.tlog
C:\Users\Alec\Desktop\GameAISource\VS2010\Buckland_Chapter7 to 10_Raven\Debug\rc.write.1.tlog
C:\USERS\ALEC\DESKTOP\GAMEAISOURCE\VS2010\BUCKLAND_CHAPTER7 TO 10_RAVEN\DEBUG\SCRIPT1.RES
C:\USERS\ALEC\DESKTOP\GAMEAISOURCE\VS2010\BUCKLAND_CHAPTER7 TO 10_RAVEN\DEBUG\TRIGGER_HEALTHGIVER.ASM
C:\USERS\ALEC\DESKTOP\GAMEAISOURCE\VS2010\BUCKLAND_CHAPTER7 TO 10_RAVEN\DEBUG\TRIGGER_HEALTHGIVER.OBJ
C:\USERS\ALEC\DESKTOP\GAMEAISOURCE\VS2010\BUCKLAND_CHAPTER7 TO 10_RAVEN\DEBUG\TRIGGER_HEALTHGIVER.SBR
C:\USERS\ALEC\DESKTOP\GAMEAISOURCE\VS2010\BUCKLAND_CHAPTER7 TO 10_RAVEN\DEBUG\TRIGGER_SOUNDNOTIFY.ASM
C:\USERS\ALEC\DESKTOP\GAMEAISOURCE\VS2010\BUCKLAND_CHAPTER7 TO 10_RAVEN\DEBUG\TRIGGER_SOUNDNOTIFY.OBJ
C:\USERS\ALEC\DESKTOP\GAMEAISOURCE\VS2010\BUCKLAND_CHAPTER7 TO 10_RAVEN\DEBUG\TRIGGER_SOUNDNOTIFY.SBR
C:\USERS\ALEC\DESKTOP\GAMEAISOURCE\VS2010\BUCKLAND_CHAPTER7 TO 10_RAVEN\DEBUG\TRIGGER_WEAPONGIVER.ASM
C:\USERS\ALEC\DESKTOP\GAMEAISOURCE\VS2010\BUCKLAND_CHAPTER7 TO 10_RAVEN\DEBUG\TRIGGER_WEAPONGIVER.OBJ
C:\USERS\ALEC\DESKTOP\GAMEAISOURCE\VS2010\BUCKLAND_CHAPTER7 TO 10_RAVEN\DEBUG\TRIGGER_WEAPONGIVER.SBR
C:\Users\Alec\Desktop\GameAISource\VS2010\Buckland_Chapter7 to 10_Raven\Debug\vc100.idb
C:\USERS\ALEC\DESKTOP\GAMEAISOURCE\VS2010\BUCKLAND_CHAPTER7 TO 10_RAVEN\DEBUG\VC100.PDB
C:\USERS\ALEC\DESKTOP\GAMEAISOURCE\VS2010\BUCKLAND_CHAPTER7 TO 10_RAVEN\DEBUG\VECTOR2D.ASM
C:\USERS\ALEC\DESKTOP\GAMEAISOURCE\VS2010\BUCKLAND_CHAPTER7 TO 10_RAVEN\DEBUG\VECTOR2D.OBJ
C:\USERS\ALEC\DESKTOP\GAMEAISOURCE\VS2010\BUCKLAND_CHAPTER7 TO 10_RAVEN\DEBUG\VECTOR2D.SBR
C:\USERS\ALEC\DESKTOP\GAMEAISOURCE\VS2010\BUCKLAND_CHAPTER7 TO 10_RAVEN\DEBUG\WEAPON_BLASTER.ASM
C:\USERS\ALEC\DESKTOP\GAMEAISOURCE\VS2010\BUCKLAND_CHAPTER7 TO 10_RAVEN\DEBUG\WEAPON_BLASTER.OBJ
C:\USERS\ALEC\DESKTOP\GAMEAISOURCE\VS2010\BUCKLAND_CHAPTER7 TO 10_RAVEN\DEBUG\WEAPON_BLASTER.SBR
C:\USERS\ALEC\DESKTOP\GAMEAISOURCE\VS2010\BUCKLAND_CHAPTER7 TO 10_RAVEN\DEBUG\WEAPON_RAILGUN.ASM
C:\USERS\ALEC\DESKTOP\GAMEAISOURCE\VS2010\BUCKLAND_CHAPTER7 TO 10_RAVEN\DEBUG\WEAPON_RAILGUN.OBJ
C:\USERS\ALEC\DESKTOP\GAMEAISOURCE\VS2010\BUCKLAND_CHAPTER7 TO 10_RAVEN\DEBUG\WEAPON_RAILGUN.SBR
C:\USERS\ALEC\DESKTOP\GAMEAISOURCE\VS2010\BUCKLAND_CHAPTER7 TO 10_RAVEN\DEBUG\WEAPON_ROCKETLAUNCHER.ASM
C:\USERS\ALEC\DESKTOP\GAMEAISOURCE\VS2010\BUCKLAND_CHAPTER7 TO 10_RAVEN\DEBUG\WEAPON_ROCKETLAUNCHER.OBJ
C:\USERS\ALEC\DESKTOP\GAMEAISOURCE\VS2010\BUCKLAND_CHAPTER7 TO 10_RAVEN\DEBUG\WEAPON_ROCKETLAUNCHER.SBR
C:\USERS\ALEC\DESKTOP\GAMEAISOURCE\VS2010\BUCKLAND_CHAPTER7 TO 10_RAVEN\DEBUG\WEAPON_SHOTGUN.ASM
C:\USERS\ALEC\DESKTOP\GAMEAISOURCE\VS2010\BUCKLAND_CHAPTER7 TO 10_RAVEN\DEBUG\WEAPON_SHOTGUN.OBJ
C:\USERS\ALEC\DESKTOP\GAMEAISOURCE\VS2010\BUCKLAND_CHAPTER7 TO 10_RAVEN\DEBUG\WEAPON_SHOTGUN.SBR
C:\USERS\ALEC\DESKTOP\GAMEAISOURCE\VS2010\BUCKLAND_CHAPTER7 TO 10_RAVEN\DEBUG\WINDOWUTILS.ASM
C:\USERS\ALEC\DESKTOP\GAMEAISOURCE\VS2010\BUCKLAND_CHAPTER7 TO 10_RAVEN\DEBUG\WINDOWUTILS.OBJ
C:\USERS\ALEC\DESKTOP\GAMEAISOURCE\VS2010\BUCKLAND_CHAPTER7 TO 10_RAVEN\DEBUG\WINDOWUTILS.SBR
